Application/build/intermediates/manifest_merge_blame_file/debug/manifest-merger-blame-debug-report.txt
1<?xml version="1.0" encoding="utf-8"?>
2<manifest xmlns:android="http://schemas.android.com/apk/res/android"
3    package="com.example.android.camera2video"
4    android:versionCode="1"
5    android:versionName="1.0" >
6
7    <uses-sdk
8        android:minSdkVersion="21"
8-->src\main\AndroidManifest.xml
9        android:targetSdkVersion="28" />
9-->src\main\AndroidManifest.xml
10
11    <uses-permission android:name="android.permission.CAMERA" />
11-->src\main\AndroidManifest.xml:6:5-65
11-->src\main\AndroidManifest.xml:6:22-62
12    <uses-permission android:name="android.permission.RECORD_AUDIO" />
12-->src\main\AndroidManifest.xml:7:5-71
12-->src\main\AndroidManifest.xml:7:22-68
13    <uses-permission android:name="android.permission.WRITE_EXTERNAL_STORAGE" />
13-->src\main\AndroidManifest.xml:8:5-81
13-->src\main\AndroidManifest.xml:8:22-78
14    <uses-permission android:name="android.permission.READ_EXTERNAL_STORAGE" />
14-->src\main\AndroidManifest.xml:9:5-80
14-->src\main\AndroidManifest.xml:9:22-77
15
16    <application
16-->src\main\AndroidManifest.xml:11:5-29:19
17        android:allowBackup="true"
17-->src\main\AndroidManifest.xml:12:9-35
18        android:appComponentFactory="android.support.v4.app.CoreComponentFactory"
18-->[com.android.support:support-compat:28.0.0] AndroidManifest.xml:22:18-91
19        android:debuggable="true"
20        android:icon="@drawable/ic_launcher"
20-->src\main\AndroidManifest.xml:13:9-45
21        android:label="@string/app_name"
21-->src\main\AndroidManifest.xml:14:9-41
22        android:testOnly="true"
23        android:theme="@style/MaterialTheme" >
23-->src\main\AndroidManifest.xml:15:9-45
24        <activity
24-->src\main\AndroidManifest.xml:16:9-19:73
25            android:name="com.example.android.camera2video.video_player"
25-->src\main\AndroidManifest.xml:17:13-41
26            android:label="@string/title_activity_video_player"
26-->src\main\AndroidManifest.xml:18:13-64
27            android:theme="@style/MaterialTheme.NoActionBar" />
27-->src\main\AndroidManifest.xml:19:13-61
28        <activity
28-->src\main\AndroidManifest.xml:20:9-28:20
29            android:name="com.example.android.camera2video.CameraActivity"
29-->src\main\AndroidManifest.xml:21:13-43
30            android:label="@string/app_name" >
30-->src\main\AndroidManifest.xml:22:13-45
31            <intent-filter>
31-->src\main\AndroidManifest.xml:23:13-27:29
32                <action android:name="android.intent.action.MAIN" />
32-->src\main\AndroidManifest.xml:24:17-69
32-->src\main\AndroidManifest.xml:24:25-66
33
34                <category android:name="android.intent.category.LAUNCHER" />
34-->src\main\AndroidManifest.xml:26:17-77
34-->src\main\AndroidManifest.xml:26:27-74
35            </intent-filter>
36        </activity>
37    </application>
38
39</manifest>